#***************************************************************************

#sjplacer

#Version:            1.1

#Build Date:         Apr 29 2016 09:00:55

#File Generated:     Jul 24 2017 11:37:44

#Purpose:            

#Copyright (C) 2010-2011 by Softjin Technologies Pvt Ltd. All rights reserved.

#***************************************************************************

Executing : C:\Program Files (x86)\Cypress\PSoC Creator\4.0\PSoC Creator\bin/sjplacer.exe --proj-name Accoder_MIDI --netlist-vh2 Accoder_MIDI_p.vh2 --arch-file C:\Program Files (x86)\Cypress\PSoC Creator\4.0\PSoC Creator\dev/arch/p35_udb4x6.ark --rrg-file C:\Program Files (x86)\Cypress\PSoC Creator\4.0\PSoC Creator\dev/psoc5/psoc5lp/route_arch-rrg.cydata --irq-file C:\Program Files (x86)\Cypress\PSoC Creator\4.0\PSoC Creator\dev/psoc5/psoc5lp/irqconn.cydata --drq-file C:\Program Files (x86)\Cypress\PSoC Creator\4.0\PSoC Creator\dev/psoc5/psoc5lp/dmaconn.cydata --dsi-conn-file C:\Program Files (x86)\Cypress\PSoC Creator\4.0\PSoC Creator\dev/psoc5/psoc5lp/dsiconn.cydata --pins-file pins_68-QFN.xml --lib-file Accoder_MIDI_p.lib --sdc-file Accoder_MIDI.sdc --io-pcf Accoder_MIDI.pci --outdir .

		Softjin Techologies Placer, Version 1.1

Build Date : Apr 29 2016	08:58:44

D2004: Option and Settings Summary
=============================================================
Netlist vh2 file          - Accoder_MIDI_p.vh2
Architecture file         - C:\Program Files (x86)\Cypress\PSoC Creator\4.0\PSoC Creator\dev/arch/p35_udb4x6.ark
Package                   - 
Defparam file             - 
SDC file                  - Accoder_MIDI.sdc
Output directory          - .
Timing library            - Accoder_MIDI_p.lib
IO Placement file         - Accoder_MIDI.pci

D2050: Starting reading inputs for placer
=============================================================
D2065: Reading netlist file : "Accoder_MIDI_p.vh2"
D2065: Reading arch file : "C:\Program Files (x86)\Cypress\PSoC Creator\4.0\PSoC Creator\dev/arch/p35_udb4x6.ark"
D2051: Reading of inputs for placer completed successfully

D2053: Starting placement of the design
=============================================================

Phase 2
Phase 3

Design Statistics after Packing
    Number of Combinational MCs 	:	44
    Number of Sequential MCs    	:	34
    Number of DPs               	:	6
    Number of Controls          	:	18
    Number of Status            	:	4
    Number of SyncCells         	:	2
    Number of count7cells       	:	2

Device Utilization Summary after Packing
    Macrocells                  :	78/192
    UDBS                        :	22/24
    IOs                         :	16/72


D2088: Phase 3, elapsed time : 0.0 (sec)

Phase 4
D2088: Phase 4, elapsed time : 0.0 (sec)

Phase 5
D2088: Phase 5, elapsed time : 0.0 (sec)

Phase 6

######################################################################
Placement Timing Summary

The timing summary is based on estimated routing delays after
placement. For final timing report, please carry out the timing
analysis after routing.
======================================================================

######################################################################
                     Clock Summary 
======================================================================
Number of clocks: 8
Clock: Clock_1              | Frequency:  50.0 MHz | Target:   0.3 MHz
Clock: CyBUS_CLK            | Frequency: 104.3 MHz | Target:  60.0 MHz
Clock: CyILO                | Frequency: N/A       | Target:   0.1 MHz
Clock: CyIMO                | Frequency: N/A       | Target:  24.0 MHz
Clock: CyMASTER_CLK         | Frequency: N/A       | Target:  60.0 MHz
Clock: CyPLL_OUT            | Frequency: N/A       | Target:  60.0 MHz
Clock: SCLK                 | Frequency: 102.5 MHz | Target:   0.0 MHz
Clock: SCLK(routed)         | Frequency: N/A       | Target:   0.0 MHz

======================================================================
                     End of Clock Summary
######################################################################

D2088: Phase 6, elapsed time : 0.1 (sec)

Phase 7
######################################################################
                     Clock Summary 
======================================================================
Number of clocks: 8
Clock: Clock_1              | Frequency:   6.3 MHz | Target:   0.3 MHz
Clock: CyBUS_CLK            | Frequency:   6.3 MHz | Target:  60.0 MHz
Clock: CyILO                | Frequency: N/A       | Target:   0.1 MHz
Clock: CyIMO                | Frequency: N/A       | Target:  24.0 MHz
Clock: CyMASTER_CLK         | Frequency: N/A       | Target:  60.0 MHz
Clock: CyPLL_OUT            | Frequency: N/A       | Target:  60.0 MHz
Clock: SCLK                 | Frequency: 102.5 MHz | Target:   0.0 MHz
Clock: SCLK(routed)         | Frequency: N/A       | Target:   0.0 MHz

======================================================================
                     End of Clock Summary
######################################################################
D2088: Phase 7, elapsed time : 0.5 (sec)

Final Design Statistics
    Number of Combinational MCs 	:	44
    Number of Sequential MCs    	:	34
    Number of DPs               	:	6
    Number of Controls          	:	18
    Number of Status            	:	4
    Number of SyncCells         	:	2
    Number of count7cells       	:	2
    Number of IOs       	:	16

Device Utilization Summary
    Macrocells                  :	78/192
    IOs                         :	16/72



######################################################################
Placement Timing Summary

The timing summary is based on estimated routing delays after
placement. For final timing report, please carry out the timing
analysis after routing.
======================================================================


######################################################################
                     Clock Summary 
======================================================================
Number of clocks: 8
Clock: Clock_1              | Frequency:   6.3 MHz | Target:   0.3 MHz
Clock: CyBUS_CLK            | Frequency:   6.3 MHz | Target:  60.0 MHz
Clock: CyILO                | Frequency: N/A       | Target:   0.1 MHz
Clock: CyIMO                | Frequency: N/A       | Target:  24.0 MHz
Clock: CyMASTER_CLK         | Frequency: N/A       | Target:  60.0 MHz
Clock: CyPLL_OUT            | Frequency: N/A       | Target:  60.0 MHz
Clock: SCLK                 | Frequency: 102.5 MHz | Target:   0.0 MHz
Clock: SCLK(routed)         | Frequency: N/A       | Target:   0.0 MHz

======================================================================
                     End of Clock Summary
######################################################################

Phase 6

######################################################################
Placement Timing Summary

The timing summary is based on estimated routing delays after
placement. For final timing report, please carry out the timing
analysis after routing.
======================================================================

######################################################################
                     Clock Summary 
======================================================================
Number of clocks: 8
Clock: Clock_1              | Frequency:   6.3 MHz | Target:   0.3 MHz
Clock: CyBUS_CLK            | Frequency:   6.3 MHz | Target:  60.0 MHz
Clock: CyILO                | Frequency: N/A       | Target:   0.1 MHz
Clock: CyIMO                | Frequency: N/A       | Target:  24.0 MHz
Clock: CyMASTER_CLK         | Frequency: N/A       | Target:  60.0 MHz
Clock: CyPLL_OUT            | Frequency: N/A       | Target:  60.0 MHz
Clock: SCLK                 | Frequency: 102.5 MHz | Target:   0.0 MHz
Clock: SCLK(routed)         | Frequency: N/A       | Target:   0.0 MHz

======================================================================
                     End of Clock Summary
######################################################################

D2088: Phase 6, elapsed time : 0.1 (sec)

Phase 7
######################################################################
                     Clock Summary 
======================================================================
Number of clocks: 8
Clock: Clock_1              | Frequency:   6.3 MHz | Target:   0.3 MHz
Clock: CyBUS_CLK            | Frequency:   6.3 MHz | Target:  60.0 MHz
Clock: CyILO                | Frequency: N/A       | Target:   0.1 MHz
Clock: CyIMO                | Frequency: N/A       | Target:  24.0 MHz
Clock: CyMASTER_CLK         | Frequency: N/A       | Target:  60.0 MHz
Clock: CyPLL_OUT            | Frequency: N/A       | Target:  60.0 MHz
Clock: SCLK                 | Frequency: 102.5 MHz | Target:   0.0 MHz
Clock: SCLK(routed)         | Frequency: N/A       | Target:   0.0 MHz

======================================================================
                     End of Clock Summary
######################################################################
D2088: Phase 7, elapsed time : 2.2 (sec)

Final Design Statistics
    Number of Combinational MCs 	:	44
    Number of Sequential MCs    	:	34
    Number of DPs               	:	6
    Number of Controls          	:	18
    Number of Status            	:	4
    Number of SyncCells         	:	2
    Number of count7cells       	:	2
    Number of IOs       	:	16

Device Utilization Summary
    Macrocells                  :	78/192
    IOs                         :	16/72



######################################################################
Placement Timing Summary

The timing summary is based on estimated routing delays after
placement. For final timing report, please carry out the timing
analysis after routing.
======================================================================


######################################################################
                     Clock Summary 
======================================================================
Number of clocks: 8
Clock: Clock_1              | Frequency:   8.1 MHz | Target:   0.3 MHz
Clock: CyBUS_CLK            | Frequency:   8.1 MHz | Target:  60.0 MHz
Clock: CyILO                | Frequency: N/A       | Target:   0.1 MHz
Clock: CyIMO                | Frequency: N/A       | Target:  24.0 MHz
Clock: CyMASTER_CLK         | Frequency: N/A       | Target:  60.0 MHz
Clock: CyPLL_OUT            | Frequency: N/A       | Target:  60.0 MHz
Clock: SCLK                 | Frequency:  58.1 MHz | Target:   0.0 MHz
Clock: SCLK(routed)         | Frequency: N/A       | Target:   0.0 MHz

======================================================================
                     End of Clock Summary
######################################################################

Phase 8
D2088: Phase 8, elapsed time : 0.0 (sec)

D2054: Placement of the design completed successfully

I2076: Total run-time: 3.8 sec.

